\BOOKMARK [1][-]{section.1}{\376\377\000I\000n\000t\000r\000o\000d\000u\000c\000t\000i\000o\000n}{}% 1
\BOOKMARK [1][-]{section.2}{\376\377\000R\000e\000q\000u\000i\000r\000e\000m\000e\000n\000t\000\040\000a\000n\000a\000l\000y\000s\000i\000s}{}% 2
\BOOKMARK [2][-]{subsection.2.1}{\376\377\000C\000o\000m\000p\000e\000t\000i\000t\000o\000r\000\040\000a\000n\000a\000l\000y\000s\000i\000s}{section.2}% 3
\BOOKMARK [2][-]{subsection.2.2}{\376\377\000U\000s\000e\000r\000\040\000a\000n\000a\000l\000y\000s\000i\000s}{section.2}% 4
\BOOKMARK [3][-]{subsubsection.2.2.1}{\376\377\000U\000s\000e\000r\000\040\000P\000r\000o\000f\000i\000l\000e}{subsection.2.2}% 5
\BOOKMARK [3][-]{subsubsection.2.2.2}{\376\377\000P\000e\000r\000s\000o\000n\000a\000\040\0001\000\040\000-\000\040\000V\000i\000t\000t\000o\000r\000i\000a}{subsection.2.2}% 6
\BOOKMARK [3][-]{subsubsection.2.2.3}{\376\377\000P\000e\000r\000s\000o\000n\000a\000\040\0002\000\040\000-\000\040\000E\000m\000a\000n\000u\000e\000l\000e}{subsection.2.2}% 7
\BOOKMARK [2][-]{subsection.2.3}{\376\377\000Q\000u\000e\000s\000t\000i\000o\000n\000n\000a\000i\000r\000e\000\040\000a\000n\000a\000l\000y\000s\000i\000s}{section.2}% 8
\BOOKMARK [3][-]{subsubsection.2.3.1}{\376\377\000C\000o\000n\000c\000l\000u\000s\000i\000o\000n\000s}{subsection.2.3}% 9
\BOOKMARK [1][-]{section.3}{\376\377\000T\000a\000s\000k\000\040\000a\000n\000a\000l\000y\000s\000i\000s\000:\000\040\000H\000T\000A\000\040\000a\000n\000d\000\040\000S\000T\000N}{}% 10
\BOOKMARK [2][-]{subsection.3.1}{\376\377\000L\000o\000g\000i\000n}{section.3}% 11
\BOOKMARK [2][-]{subsection.3.2}{\376\377\000S\000e\000a\000r\000c\000h\000\040\000f\000o\000r\000\040\000a\000\040\000m\000o\000v\000i\000e\000\040\000o\000r\000\040\000a\000\040\000p\000e\000r\000s\000o\000n}{section.3}% 12
\BOOKMARK [2][-]{subsection.3.3}{\376\377\000A\000d\000d\000\040\000m\000o\000v\000i\000e\000\040\000t\000o\000\040\000a\000\040\000l\000i\000s\000t}{section.3}% 13
\BOOKMARK [2][-]{subsection.3.4}{\376\377\000M\000a\000k\000e\000\040\000a\000\040\000r\000e\000v\000i\000e\000w}{section.3}% 14
\BOOKMARK [2][-]{subsection.3.5}{\376\377\000C\000o\000m\000m\000e\000n\000t\000\040\000o\000t\000h\000e\000r\000\040\000u\000s\000e\000r\000s\040\031\000\040\000r\000e\000v\000i\000e\000w\000s\000\040}{section.3}% 15
\BOOKMARK [1][-]{section.4}{\376\377\000P\000r\000o\000t\000o\000t\000y\000p\000e\000\040\0000\000:\000\040\000m\000o\000c\000k\000u\000p\000s}{}% 16
\BOOKMARK [1][-]{section.5}{\376\377\000E\000x\000p\000e\000r\000t\000\040\000B\000a\000s\000e\000d\000\040\000E\000v\000a\000l\000u\000a\000t\000i\000o\000n}{}% 17
\BOOKMARK [2][-]{subsection.5.1}{\376\377\000H\000e\000u\000r\000i\000s\000t\000i\000c\000\040\000E\000v\000a\000l\000u\000a\000t\000i\000o\000n}{section.5}% 18
\BOOKMARK [2][-]{subsection.5.2}{\376\377\000C\000o\000g\000n\000i\000t\000i\000v\000e\000\040\000W\000a\000l\000k\000t\000h\000r\000o\000u\000g\000h}{section.5}% 19
\BOOKMARK [1][-]{section.6}{\376\377\000P\000r\000o\000t\000o\000t\000y\000p\000e\000\040\0001}{}% 20
\BOOKMARK [1][-]{section.7}{\376\377\000U\000s\000e\000r\000\040\000B\000a\000s\000e\000d\000\040\000E\000v\000a\000l\000u\000a\000t\000i\000o\000n}{}% 21
\BOOKMARK [2][-]{subsection.7.1}{\376\377\000T\000h\000i\000n\000k\000\040\000A\000l\000o\000u\000d}{section.7}% 22
\BOOKMARK [2][-]{subsection.7.2}{\376\377\000C\000o\000n\000t\000r\000o\000l\000l\000e\000d\000\040\000e\000x\000p\000e\000r\000i\000m\000e\000n\000t}{section.7}% 23
\BOOKMARK [3][-]{subsubsection.7.2.1}{\376\377\000A\000N\000O\000V\000A}{subsection.7.2}% 24
\BOOKMARK [1][-]{section.8}{\376\377\000P\000r\000o\000t\000o\000t\000y\000p\000e\000\040\0002}{}% 25
\BOOKMARK [1][-]{section.9}{\376\377\000F\000i\000n\000a\000l\000\040\000v\000e\000r\000s\000i\000o\000n}{}% 26
\BOOKMARK [1][-]{section.10}{\376\377\000I\000m\000p\000l\000e\000m\000e\000n\000t\000a\000t\000i\000o\000n}{}% 27
\BOOKMARK [1][-]{section.11}{\376\377\000C\000o\000n\000c\000l\000u\000s\000i\000o\000n}{}% 28
\BOOKMARK [2][-]{subsection.11.1}{\376\377\000F\000u\000t\000u\000r\000e\000\040\000i\000m\000p\000l\000e\000m\000e\000n\000t\000a\000t\000i\000o\000n\000s}{section.11}% 29
